  bvh.cpp
C:\Users\lilia\OneDrive\Documents\GitHub\pbrt-v3\build\src\ext\glog\glog\logging.h(713,1): warning C4018: '<=': signed/unsigned mismatch
  (compiling source file '../src/accelerators/bvh.cpp')
      C:\Users\lilia\OneDrive\Documents\GitHub\pbrt-v3\build\src\ext\glog\glog\logging.h(713,1):
      the template instantiation context (the oldest one first) is
          C:\Users\lilia\OneDrive\Documents\GitHub\pbrt-v3\src\accelerators\bvh.cpp(108,5):
          see reference to function template instantiation 'std::string *google::Check_LEImpl<unsigned int,int>(const T1 &,const T2 &,const char *)' being compiled
          with
          [
              T1=unsigned int,
              T2=int
          ]
  
  kdtreeaccel.cpp
  environment.cpp
  orthographic.cpp
  perspective.cpp
  realistic.cpp
  api.cpp
C:\Users\lilia\OneDrive\Documents\GitHub\pbrt-v3\build\src\ext\glog\glog\logging.h(714,1): warning C4018: '<': signed/unsigned mismatch
  (compiling source file '../../../../../../src/core/api.cpp')
      C:\Users\lilia\OneDrive\Documents\GitHub\pbrt-v3\build\src\ext\glog\glog\logging.h(714,1):
      the template instantiation context (the oldest one first) is
          C:\Users\lilia\OneDrive\Documents\GitHub\pbrt-v3\src\materials\hair.h(168,5):
          see reference to function template instantiation 'std::string *google::Check_LTImpl<unsigned __int64,__int64>(const T1 &,const T2 &,const char *)' being compiled
          with
          [
              T1=unsigned __int64,
              T2=__int64
          ]
  
  bssrdf.cpp
  camera.cpp
  error.cpp
  film.cpp
  filter.cpp
  geometry.cpp
  imageio.cpp
  integrator.cpp
  interaction.cpp
  light.cpp
  lightdistrib.cpp
  lowdiscrepancy.cpp
  material.cpp
  Generating Code...
  Compiling...
  medium.cpp
  microfacet.cpp
  parallel.cpp
  paramset.cpp
  parser.cpp
  primitive.cpp
  progressreporter.cpp
  quaternion.cpp
  reflection.cpp
  sampler.cpp
  sampling.cpp
  scene.cpp
  shape.cpp
  stats.cpp
  texture.cpp
  transform.cpp
  box.cpp
  gaussian.cpp
  mitchell.cpp
  sinc.cpp
  Generating Code...
  Compiling...
  ao.cpp
  bdpt.cpp
  directlighting.cpp
  mlt.cpp
  path.cpp
  sppm.cpp
  volpath.cpp
  whitted.cpp
  diffuse.cpp
  distant.cpp
  goniometric.cpp
  infinite.cpp
  point.cpp
  projection.cpp
  spot.cpp
  disney.cpp
  fourier.cpp
  glass.cpp
  hair.cpp
C:\Users\lilia\OneDrive\Documents\GitHub\pbrt-v3\build\src\ext\glog\glog\logging.h(714,1): warning C4018: '<': signed/unsigned mismatch
  (compiling source file '../../../../../../src/materials/hair.cpp')
      C:\Users\lilia\OneDrive\Documents\GitHub\pbrt-v3\build\src\ext\glog\glog\logging.h(714,1):
      the template instantiation context (the oldest one first) is
          C:\Users\lilia\OneDrive\Documents\GitHub\pbrt-v3\src\materials\hair.h(168,5):
          see reference to function template instantiation 'std::string *google::Check_LTImpl<unsigned __int64,__int64>(const T1 &,const T2 &,const char *)' being compiled
          with
          [
              T1=unsigned __int64,
              T2=__int64
          ]
  
  kdsubsurface.cpp
  Generating Code...
  Compiling...
  matte.cpp
  metal.cpp
  mirror.cpp
  mixmat.cpp
  plastic.cpp
  substrate.cpp
  subsurface.cpp
  translucent.cpp
  uber.cpp
  grid.cpp
  homogeneous.cpp
  halton.cpp
  maxmin.cpp
  random.cpp
  sobol.cpp
  stratified.cpp
  zerotwosequence.cpp
  cone.cpp
  curve.cpp
  cylinder.cpp
  Generating Code...
  Compiling...
  disk.cpp
  heightfield.cpp
  hyperboloid.cpp
  loopsubdiv.cpp
  nurbs.cpp
  paraboloid.cpp
  plymesh.cpp
  sphere.cpp
  bilerp.cpp
  checkerboard.cpp
  constant.cpp
  dots.cpp
  fbm.cpp
  imagemap.cpp
  marble.cpp
  mix.cpp
  ptex.cpp
  scale.cpp
  uv.cpp
  windy.cpp
  Generating Code...
  Compiling...
  wrinkled.cpp
  Generating Code...
  triangle.cpp
  triangle.cpp
  pbrt.vcxproj -> C:\Users\lilia\OneDrive\Documents\GitHub\pbrt-v3\build\Release\libpbrt.lib
