  ImfAttribute.cpp
  ImfBoxAttribute.cpp
  ImfCRgbaFile.cpp
  ImfChannelListAttribute.cpp
  ImfFloatAttribute.cpp
  ImfHeader.cpp
  ImfIntAttribute.cpp
  ImfLineOrderAttribute.cpp
  ImfMatrixAttribute.cpp
  ImfOpaqueAttribute.cpp
  ImfOutputFile.cpp
  ImfRgbaFile.cpp
  ImfStringAttribute.cpp
  ImfVecAttribute.cpp
  ImfMisc.cpp
  ImfCompressionAttribute.cpp
  ImfDoubleAttribute.cpp
  ImfPreviewImageAttribute.cpp
  ImfChromaticitiesAttribute.cpp
  ImfKeyCodeAttribute.cpp
  Generating Code...
  Compiling...
  ImfTimeCodeAttribute.cpp
  ImfRationalAttribute.cpp
  ImfStandardAttributes.cpp
  ImfEnvmapAttribute.cpp
  ImfScanLineInputFile.cpp
  ImfTiledInputFile.cpp
  ImfTiledOutputFile.cpp
  ImfTiledRgbaFile.cpp
  ImfTileDescriptionAttribute.cpp
  ImfStringVectorAttribute.cpp
  ImfMultiView.cpp
  ImfAcesFile.cpp
  ImfMultiPartOutputFile.cpp
  ImfGenericOutputFile.cpp
  ImfMultiPartInputFile.cpp
  ImfDeepScanLineOutputFile.cpp
  ImfDeepTiledInputFile.cpp
  ImfDeepTiledOutputFile.cpp
  ImfDeepImageStateAttribute.cpp
  ImfFloatVectorAttribute.cpp
  Generating Code...
  IlmImf-obj.vcxproj -> C:\Users\lilia\OneDrive\Documents\GitHub\pbrt-v3\build\src\ext\openexr\OpenEXR\IlmImf\IlmImf-obj.dir\Release\IlmImf-obj.lib
